<?xml version="1.0" encoding="UTF-8"?>
<!-- Generated by org.testng.reporters.JUnitXMLReporter -->
<testsuite hostname="ramsunkara" ignored="2" name="ChromeBrowser" tests="500" failures="0" timestamp="20 Nov 2019 12:16:01 GMT" time="1.327" errors="0">
  <testcase name="@BeforeTest launchBrowser" time="0.0" classname="Tests.AppTest123">
    <failure type="org.testng.TestNGException" message="
Can inject only one of &amp;lt;ITestContext, XmlTest&amp;gt; into a @BeforeTest annotated launchBrowser.
For more information on native dependency injection please refer to http://testng.org/doc/documentation-main.html#native-dependency-injection">
      <![CDATA[org.testng.TestNGException: 
Can inject only one of <ITestContext, XmlTest> into a @BeforeTest annotated launchBrowser.
For more information on native dependency injection please refer to http://testng.org/doc/documentation-main.html#native-dependency-injection
... Removed 21 stack frames]]>
    </failure>
  </testcase> <!-- @BeforeTest launchBrowser -->
  <testcase name="@AfterTest close" time="0.0" classname="Tests.AppTest123">
    <skipped/>
  </testcase> <!-- @AfterTest close -->
  <testcase name="bigBossVote" time="0.0" classname="Tests.AppTest123">
    <skipped/>
  </testcase> <!-- bigBossVote -->
  <testcase name="bigBossVote" time="0.0" classname="Tests.AppTest123">
    <skipped/>
  </testcase> <!-- bigBossVote -->
  <testcase name="bigBossVote" time="0.0" classname="Tests.AppTest123">
    <skipped/>
  </testcase> <!-- bigBossVote -->
  <testcase name="bigBossVote" time="0.0" classname="Tests.AppTest123">
    <skipped/>
  </testcase> <!-- bigBossVote -->
  <testcase name="bigBossVote" time="0.0" classname="Tests.AppTest123">
    <skipped/>
  </testcase> <!-- bigBossVote -->
  <testcase name="bigBossVote" time="0.0" classname="Tests.AppTest123">
    <skipped/>
  </testcase> <!-- bigBossVote -->
  <testcase name="bigBossVote" time="0.0" classname="Tests.AppTest123">
    <skipped/>
  </testcase> <!-- bigBossVote -->
  <testcase name="bigBossVote" time="0.0" classname="Tests.AppTest123">
    <skipped/>
  </testcase> <!-- bigBossVote -->
  <testcase name="bigBossVote" time="0.0" classname="Tests.AppTest123">
    <skipped/>
  </testcase> <!-- bigBossVote -->
  <testcase name="bigBossVote" time="0.0" classname="Tests.AppTest123">
    <skipped/>
  </testcase> <!-- bigBossVote -->
  <testcase name="bigBossVote" time="0.0" classname="Tests.AppTest123">
    <skipped/>
  </testcase> <!-- bigBossVote -->
  <testcase name="bigBossVote" time="0.0" classname="Tests.AppTest123">
    <skipped/>
  </testcase> <!-- bigBossVote -->
  <testcase name="bigBossVote" time="0.0" classname="Tests.AppTest123">
    <skipped/>
  </testcase> <!-- bigBossVote -->
  <testcase name="bigBossVote" time="0.0" classname="Tests.AppTest123">
    <skipped/>
  </testcase> <!-- bigBossVote -->
  <testcase name="bigBossVote" time="0.0" classname="Tests.AppTest123">
    <skipped/>
  </testcase> <!-- bigBossVote -->
  <testcase name="bigBossVote" time="0.0" classname="Tests.AppTest123">
    <skipped/>
  </testcase> <!-- bigBossVote -->
  <testcase name="bigBossVote" time="0.0" classname="Tests.AppTest123">
    <skipped/>
  </testcase> <!-- bigBossVote -->
  <testcase name="bigBossVote" time="0.0" classname="Tests.AppTest123">
    <skipped/>
  </testcase> <!-- bigBossVote -->
  <testcase name="bigBossVote" time="0.0" classname="Tests.AppTest123">
    <skipped/>
  </testcase> <!-- bigBossVote -->
  <testcase name="bigBossVote" time="0.0" classname="Tests.AppTest123">
    <skipped/>
  </testcase> <!-- bigBossVote -->
  <testcase name="bigBossVote" time="0.0" classname="Tests.AppTest123">
    <skipped/>
  </testcase> <!-- bigBossVote -->
  <testcase name="bigBossVote" time="0.0" classname="Tests.AppTest123">
    <skipped/>
  </testcase> <!-- bigBossVote -->
  <testcase name="bigBossVote" time="0.0" classname="Tests.AppTest123">
    <skipped/>
  </testcase> <!-- bigBossVote -->
  <testcase name="bigBossVote" time="0.0" classname="Tests.AppTest123">
    <skipped/>
  </testcase> <!-- bigBossVote -->
  <testcase name="bigBossVote" time="0.0" classname="Tests.AppTest123">
    <skipped/>
  </testcase> <!-- bigBossVote -->
  <testcase name="bigBossVote" time="0.0" classname="Tests.AppTest123">
    <skipped/>
  </testcase> <!-- bigBossVote -->
  <testcase name="bigBossVote" time="0.0" classname="Tests.AppTest123">
    <skipped/>
  </testcase> <!-- bigBossVote -->
  <testcase name="bigBossVote" time="0.0" classname="Tests.AppTest123">
    <skipped/>
  </testcase> <!-- bigBossVote -->
  <testcase name="bigBossVote" time="0.0" classname="Tests.AppTest123">
    <skipped/>
  </testcase> <!-- bigBossVote -->
  <testcase name="bigBossVote" time="0.0" classname="Tests.AppTest123">
    <skipped/>
  </testcase> <!-- bigBossVote -->
  <testcase name="bigBossVote" time="0.0" classname="Tests.AppTest123">
    <skipped/>
  </testcase> <!-- bigBossVote -->
  <testcase name="bigBossVote" time="0.0" classname="Tests.AppTest123">
    <skipped/>
  </testcase> <!-- bigBossVote -->
  <testcase name="bigBossVote" time="0.0" classname="Tests.AppTest123">
    <skipped/>
  </testcase> <!-- bigBossVote -->
  <testcase name="bigBossVote" time="0.0" classname="Tests.AppTest123">
    <skipped/>
  </testcase> <!-- bigBossVote -->
  <testcase name="bigBossVote" time="0.0" classname="Tests.AppTest123">
    <skipped/>
  </testcase> <!-- bigBossVote -->
  <testcase name="bigBossVote" time="0.0" classname="Tests.AppTest123">
    <skipped/>
  </testcase> <!-- bigBossVote -->
  <testcase name="bigBossVote" time="0.0" classname="Tests.AppTest123">
    <skipped/>
  </testcase> <!-- bigBossVote -->
  <testcase name="bigBossVote" time="0.0" classname="Tests.AppTest123">
    <skipped/>
  </testcase> <!-- bigBossVote -->
  <testcase name="bigBossVote" time="0.0" classname="Tests.AppTest123">
    <skipped/>
  </testcase> <!-- bigBossVote -->
  <testcase name="bigBossVote" time="0.0" classname="Tests.AppTest123">
    <skipped/>
  </testcase> <!-- bigBossVote -->
  <testcase name="bigBossVote" time="0.0" classname="Tests.AppTest123">
    <skipped/>
  </testcase> <!-- bigBossVote -->
  <testcase name="bigBossVote" time="0.008" classname="Tests.AppTest123">
    <skipped/>
  </testcase> <!-- bigBossVote -->
  <testcase name="bigBossVote" time="0.0" classname="Tests.AppTest123">
    <skipped/>
  </testcase> <!-- bigBossVote -->
  <testcase name="bigBossVote" time="0.0" classname="Tests.AppTest123">
    <skipped/>
  </testcase> <!-- bigBossVote -->
  <testcase name="bigBossVote" time="0.0" classname="Tests.AppTest123">
    <skipped/>
  </testcase> <!-- bigBossVote -->
  <testcase name="bigBossVote" time="0.0" classname="Tests.AppTest123">
    <skipped/>
  </testcase> <!-- bigBossVote -->
  <testcase name="bigBossVote" time="0.0" classname="Tests.AppTest123">
    <skipped/>
  </testcase> <!-- bigBossVote -->
  <testcase name="bigBossVote" time="0.001" classname="Tests.AppTest123">
    <skipped/>
  </testcase> <!-- bigBossVote -->
  <testcase name="bigBossVote" time="0.0" classname="Tests.AppTest123">
    <skipped/>
  </testcase> <!-- bigBossVote -->
  <testcase name="bigBossVote" time="0.0" classname="Tests.AppTest123">
    <skipped/>
  </testcase> <!-- bigBossVote -->
  <testcase name="bigBossVote" time="0.0" classname="Tests.AppTest123">
    <skipped/>
  </testcase> <!-- bigBossVote -->
  <testcase name="bigBossVote" time="0.0" classname="Tests.AppTest123">
    <skipped/>
  </testcase> <!-- bigBossVote -->
  <testcase name="bigBossVote" time="0.0" classname="Tests.AppTest123">
    <skipped/>
  </testcase> <!-- bigBossVote -->
  <testcase name="bigBossVote" time="0.0" classname="Tests.AppTest123">
    <skipped/>
  </testcase> <!-- bigBossVote -->
  <testcase name="bigBossVote" time="0.0" classname="Tests.AppTest123">
    <skipped/>
  </testcase> <!-- bigBossVote -->
  <testcase name="bigBossVote" time="0.0" classname="Tests.AppTest123">
    <skipped/>
  </testcase> <!-- bigBossVote -->
  <testcase name="bigBossVote" time="0.0" classname="Tests.AppTest123">
    <skipped/>
  </testcase> <!-- bigBossVote -->
  <testcase name="bigBossVote" time="0.0" classname="Tests.AppTest123">
    <skipped/>
  </testcase> <!-- bigBossVote -->
  <testcase name="bigBossVote" time="0.0" classname="Tests.AppTest123">
    <skipped/>
  </testcase> <!-- bigBossVote -->
  <testcase name="bigBossVote" time="0.0" classname="Tests.AppTest123">
    <skipped/>
  </testcase> <!-- bigBossVote -->
  <testcase name="bigBossVote" time="0.0" classname="Tests.AppTest123">
    <skipped/>
  </testcase> <!-- bigBossVote -->
  <testcase name="bigBossVote" time="0.0" classname="Tests.AppTest123">
    <skipped/>
  </testcase> <!-- bigBossVote -->
  <testcase name="bigBossVote" time="0.0" classname="Tests.AppTest123">
    <skipped/>
  </testcase> <!-- bigBossVote -->
  <testcase name="bigBossVote" time="0.0" classname="Tests.AppTest123">
    <skipped/>
  </testcase> <!-- bigBossVote -->
  <testcase name="bigBossVote" time="0.0" classname="Tests.AppTest123">
    <skipped/>
  </testcase> <!-- bigBossVote -->
  <testcase name="bigBossVote" time="0.0" classname="Tests.AppTest123">
    <skipped/>
  </testcase> <!-- bigBossVote -->
  <testcase name="bigBossVote" time="0.0" classname="Tests.AppTest123">
    <skipped/>
  </testcase> <!-- bigBossVote -->
  <testcase name="bigBossVote" time="0.0" classname="Tests.AppTest123">
    <skipped/>
  </testcase> <!-- bigBossVote -->
  <testcase name="bigBossVote" time="0.0" classname="Tests.AppTest123">
    <skipped/>
  </testcase> <!-- bigBossVote -->
  <testcase name="bigBossVote" time="0.0" classname="Tests.AppTest123">
    <skipped/>
  </testcase> <!-- bigBossVote -->
  <testcase name="bigBossVote" time="0.0" classname="Tests.AppTest123">
    <skipped/>
  </testcase> <!-- bigBossVote -->
  <testcase name="bigBossVote" time="0.0" classname="Tests.AppTest123">
    <skipped/>
  </testcase> <!-- bigBossVote -->
  <testcase name="bigBossVote" time="0.0" classname="Tests.AppTest123">
    <skipped/>
  </testcase> <!-- bigBossVote -->
  <testcase name="bigBossVote" time="0.0" classname="Tests.AppTest123">
    <skipped/>
  </testcase> <!-- bigBossVote -->
  <testcase name="bigBossVote" time="0.0" classname="Tests.AppTest123">
    <skipped/>
  </testcase> <!-- bigBossVote -->
  <testcase name="bigBossVote" time="0.0" classname="Tests.AppTest123">
    <skipped/>
  </testcase> <!-- bigBossVote -->
  <testcase name="bigBossVote" time="0.0" classname="Tests.AppTest123">
    <skipped/>
  </testcase> <!-- bigBossVote -->
  <testcase name="bigBossVote" time="0.0" classname="Tests.AppTest123">
    <skipped/>
  </testcase> <!-- bigBossVote -->
  <testcase name="bigBossVote" time="0.0" classname="Tests.AppTest123">
    <skipped/>
  </testcase> <!-- bigBossVote -->
  <testcase name="bigBossVote" time="0.0" classname="Tests.AppTest123">
    <skipped/>
  </testcase> <!-- bigBossVote -->
  <testcase name="bigBossVote" time="0.0" classname="Tests.AppTest123">
    <skipped/>
  </testcase> <!-- bigBossVote -->
  <testcase name="bigBossVote" time="0.0" classname="Tests.AppTest123">
    <skipped/>
  </testcase> <!-- bigBossVote -->
  <testcase name="bigBossVote" time="0.0" classname="Tests.AppTest123">
    <skipped/>
  </testcase> <!-- bigBossVote -->
  <testcase name="bigBossVote" time="0.0" classname="Tests.AppTest123">
    <skipped/>
  </testcase> <!-- bigBossVote -->
  <testcase name="bigBossVote" time="0.0" classname="Tests.AppTest123">
    <skipped/>
  </testcase> <!-- bigBossVote -->
  <testcase name="bigBossVote" time="0.0" classname="Tests.AppTest123">
    <skipped/>
  </testcase> <!-- bigBossVote -->
  <testcase name="bigBossVote" time="0.0" classname="Tests.AppTest123">
    <skipped/>
  </testcase> <!-- bigBossVote -->
  <testcase name="bigBossVote" time="0.0" classname="Tests.AppTest123">
    <skipped/>
  </testcase> <!-- bigBossVote -->
  <testcase name="bigBossVote" time="0.0" classname="Tests.AppTest123">
    <skipped/>
  </testcase> <!-- bigBossVote -->
  <testcase name="bigBossVote" time="0.0" classname="Tests.AppTest123">
    <skipped/>
  </testcase> <!-- bigBossVote -->
  <testcase name="bigBossVote" time="0.0" classname="Tests.AppTest123">
    <skipped/>
  </testcase> <!-- bigBossVote -->
  <testcase name="bigBossVote" time="0.0" classname="Tests.AppTest123">
    <skipped/>
  </testcase> <!-- bigBossVote -->
  <testcase name="bigBossVote" time="0.0" classname="Tests.AppTest123">
    <skipped/>
  </testcase> <!-- bigBossVote -->
  <testcase name="bigBossVote" time="0.0" classname="Tests.AppTest123">
    <skipped/>
  </testcase> <!-- bigBossVote -->
  <testcase name="bigBossVote" time="0.0" classname="Tests.AppTest123">
    <skipped/>
  </testcase> <!-- bigBossVote -->
  <testcase name="bigBossVote" time="0.0" classname="Tests.AppTest123">
    <skipped/>
  </testcase> <!-- bigBossVote -->
  <testcase name="bigBossVote" time="0.0" classname="Tests.AppTest123">
    <skipped/>
  </testcase> <!-- bigBossVote -->
  <testcase name="bigBossVote" time="0.0" classname="Tests.AppTest123">
    <skipped/>
  </testcase> <!-- bigBossVote -->
  <testcase name="bigBossVote" time="0.0" classname="Tests.AppTest123">
    <skipped/>
  </testcase> <!-- bigBossVote -->
  <testcase name="bigBossVote" time="0.0" classname="Tests.AppTest123">
    <skipped/>
  </testcase> <!-- bigBossVote -->
  <testcase name="bigBossVote" time="0.0" classname="Tests.AppTest123">
    <skipped/>
  </testcase> <!-- bigBossVote -->
  <testcase name="bigBossVote" time="0.0" classname="Tests.AppTest123">
    <skipped/>
  </testcase> <!-- bigBossVote -->
  <testcase name="bigBossVote" time="0.0" classname="Tests.AppTest123">
    <skipped/>
  </testcase> <!-- bigBossVote -->
  <testcase name="bigBossVote" time="0.0" classname="Tests.AppTest123">
    <skipped/>
  </testcase> <!-- bigBossVote -->
  <testcase name="bigBossVote" time="0.0" classname="Tests.AppTest123">
    <skipped/>
  </testcase> <!-- bigBossVote -->
  <testcase name="bigBossVote" time="0.0" classname="Tests.AppTest123">
    <skipped/>
  </testcase> <!-- bigBossVote -->
  <testcase name="bigBossVote" time="0.0" classname="Tests.AppTest123">
    <skipped/>
  </testcase> <!-- bigBossVote -->
  <testcase name="bigBossVote" time="0.0" classname="Tests.AppTest123">
    <skipped/>
  </testcase> <!-- bigBossVote -->
  <testcase name="bigBossVote" time="0.0" classname="Tests.AppTest123">
    <skipped/>
  </testcase> <!-- bigBossVote -->
  <testcase name="bigBossVote" time="0.0" classname="Tests.AppTest123">
    <skipped/>
  </testcase> <!-- bigBossVote -->
  <testcase name="bigBossVote" time="0.0" classname="Tests.AppTest123">
    <skipped/>
  </testcase> <!-- bigBossVote -->
  <testcase name="bigBossVote" time="0.0" classname="Tests.AppTest123">
    <skipped/>
  </testcase> <!-- bigBossVote -->
  <testcase name="bigBossVote" time="0.0" classname="Tests.AppTest123">
    <skipped/>
  </testcase> <!-- bigBossVote -->
  <testcase name="bigBossVote" time="0.0" classname="Tests.AppTest123">
    <skipped/>
  </testcase> <!-- bigBossVote -->
  <testcase name="bigBossVote" time="0.0" classname="Tests.AppTest123">
    <skipped/>
  </testcase> <!-- bigBossVote -->
  <testcase name="bigBossVote" time="0.0" classname="Tests.AppTest123">
    <skipped/>
  </testcase> <!-- bigBossVote -->
  <testcase name="bigBossVote" time="0.0" classname="Tests.AppTest123">
    <skipped/>
  </testcase> <!-- bigBossVote -->
  <testcase name="bigBossVote" time="0.0" classname="Tests.AppTest123">
    <skipped/>
  </testcase> <!-- bigBossVote -->
  <testcase name="bigBossVote" time="0.0" classname="Tests.AppTest123">
    <skipped/>
  </testcase> <!-- bigBossVote -->
  <testcase name="bigBossVote" time="0.0" classname="Tests.AppTest123">
    <skipped/>
  </testcase> <!-- bigBossVote -->
  <testcase name="bigBossVote" time="0.0" classname="Tests.AppTest123">
    <skipped/>
  </testcase> <!-- bigBossVote -->
  <testcase name="bigBossVote" time="0.0" classname="Tests.AppTest123">
    <skipped/>
  </testcase> <!-- bigBossVote -->
  <testcase name="bigBossVote" time="0.0" classname="Tests.AppTest123">
    <skipped/>
  </testcase> <!-- bigBossVote -->
  <testcase name="bigBossVote" time="0.0" classname="Tests.AppTest123">
    <skipped/>
  </testcase> <!-- bigBossVote -->
  <testcase name="bigBossVote" time="0.0" classname="Tests.AppTest123">
    <skipped/>
  </testcase> <!-- bigBossVote -->
  <testcase name="bigBossVote" time="0.0" classname="Tests.AppTest123">
    <skipped/>
  </testcase> <!-- bigBossVote -->
  <testcase name="bigBossVote" time="0.0" classname="Tests.AppTest123">
    <skipped/>
  </testcase> <!-- bigBossVote -->
  <testcase name="bigBossVote" time="0.0" classname="Tests.AppTest123">
    <skipped/>
  </testcase> <!-- bigBossVote -->
  <testcase name="bigBossVote" time="0.0" classname="Tests.AppTest123">
    <skipped/>
  </testcase> <!-- bigBossVote -->
  <testcase name="bigBossVote" time="0.0" classname="Tests.AppTest123">
    <skipped/>
  </testcase> <!-- bigBossVote -->
  <testcase name="bigBossVote" time="0.0" classname="Tests.AppTest123">
    <skipped/>
  </testcase> <!-- bigBossVote -->
  <testcase name="bigBossVote" time="0.0" classname="Tests.AppTest123">
    <skipped/>
  </testcase> <!-- bigBossVote -->
  <testcase name="bigBossVote" time="0.0" classname="Tests.AppTest123">
    <skipped/>
  </testcase> <!-- bigBossVote -->
  <testcase name="bigBossVote" time="0.0" classname="Tests.AppTest123">
    <skipped/>
  </testcase> <!-- bigBossVote -->
  <testcase name="bigBossVote" time="0.0" classname="Tests.AppTest123">
    <skipped/>
  </testcase> <!-- bigBossVote -->
  <testcase name="bigBossVote" time="0.0" classname="Tests.AppTest123">
    <skipped/>
  </testcase> <!-- bigBossVote -->
  <testcase name="bigBossVote" time="0.0" classname="Tests.AppTest123">
    <skipped/>
  </testcase> <!-- bigBossVote -->
  <testcase name="bigBossVote" time="0.0" classname="Tests.AppTest123">
    <skipped/>
  </testcase> <!-- bigBossVote -->
  <testcase name="bigBossVote" time="0.0" classname="Tests.AppTest123">
    <skipped/>
  </testcase> <!-- bigBossVote -->
  <testcase name="bigBossVote" time="0.0" classname="Tests.AppTest123">
    <skipped/>
  </testcase> <!-- bigBossVote -->
  <testcase name="bigBossVote" time="0.0" classname="Tests.AppTest123">
    <skipped/>
  </testcase> <!-- bigBossVote -->
  <testcase name="bigBossVote" time="0.0" classname="Tests.AppTest123">
    <skipped/>
  </testcase> <!-- bigBossVote -->
  <testcase name="bigBossVote" time="0.0" classname="Tests.AppTest123">
    <skipped/>
  </testcase> <!-- bigBossVote -->
  <testcase name="bigBossVote" time="0.0" classname="Tests.AppTest123">
    <skipped/>
  </testcase> <!-- bigBossVote -->
  <testcase name="bigBossVote" time="0.0" classname="Tests.AppTest123">
    <skipped/>
  </testcase> <!-- bigBossVote -->
  <testcase name="bigBossVote" time="0.0" classname="Tests.AppTest123">
    <skipped/>
  </testcase> <!-- bigBossVote -->
  <testcase name="bigBossVote" time="0.0" classname="Tests.AppTest123">
    <skipped/>
  </testcase> <!-- bigBossVote -->
  <testcase name="bigBossVote" time="0.0" classname="Tests.AppTest123">
    <skipped/>
  </testcase> <!-- bigBossVote -->
  <testcase name="bigBossVote" time="0.0" classname="Tests.AppTest123">
    <skipped/>
  </testcase> <!-- bigBossVote -->
  <testcase name="bigBossVote" time="0.0" classname="Tests.AppTest123">
    <skipped/>
  </testcase> <!-- bigBossVote -->
  <testcase name="bigBossVote" time="0.0" classname="Tests.AppTest123">
    <skipped/>
  </testcase> <!-- bigBossVote -->
  <testcase name="bigBossVote" time="0.0" classname="Tests.AppTest123">
    <skipped/>
  </testcase> <!-- bigBossVote -->
  <testcase name="bigBossVote" time="0.0" classname="Tests.AppTest123">
    <skipped/>
  </testcase> <!-- bigBossVote -->
  <testcase name="bigBossVote" time="0.0" classname="Tests.AppTest123">
    <skipped/>
  </testcase> <!-- bigBossVote -->
  <testcase name="bigBossVote" time="0.0" classname="Tests.AppTest123">
    <skipped/>
  </testcase> <!-- bigBossVote -->
  <testcase name="bigBossVote" time="0.0" classname="Tests.AppTest123">
    <skipped/>
  </testcase> <!-- bigBossVote -->
  <testcase name="bigBossVote" time="0.0" classname="Tests.AppTest123">
    <skipped/>
  </testcase> <!-- bigBossVote -->
  <testcase name="bigBossVote" time="0.0" classname="Tests.AppTest123">
    <skipped/>
  </testcase> <!-- bigBossVote -->
  <testcase name="bigBossVote" time="0.0" classname="Tests.AppTest123">
    <skipped/>
  </testcase> <!-- bigBossVote -->
  <testcase name="bigBossVote" time="0.0" classname="Tests.AppTest123">
    <skipped/>
  </testcase> <!-- bigBossVote -->
  <testcase name="bigBossVote" time="0.0" classname="Tests.AppTest123">
    <skipped/>
  </testcase> <!-- bigBossVote -->
  <testcase name="bigBossVote" time="0.0" classname="Tests.AppTest123">
    <skipped/>
  </testcase> <!-- bigBossVote -->
  <testcase name="bigBossVote" time="0.0" classname="Tests.AppTest123">
    <skipped/>
  </testcase> <!-- bigBossVote -->
  <testcase name="bigBossVote" time="0.0" classname="Tests.AppTest123">
    <skipped/>
  </testcase> <!-- bigBossVote -->
  <testcase name="bigBossVote" time="0.0" classname="Tests.AppTest123">
    <skipped/>
  </testcase> <!-- bigBossVote -->
  <testcase name="bigBossVote" time="0.0" classname="Tests.AppTest123">
    <skipped/>
  </testcase> <!-- bigBossVote -->
  <testcase name="bigBossVote" time="0.0" classname="Tests.AppTest123">
    <skipped/>
  </testcase> <!-- bigBossVote -->
  <testcase name="bigBossVote" time="0.0" classname="Tests.AppTest123">
    <skipped/>
  </testcase> <!-- bigBossVote -->
  <testcase name="bigBossVote" time="0.0" classname="Tests.AppTest123">
    <skipped/>
  </testcase> <!-- bigBossVote -->
  <testcase name="bigBossVote" time="0.0" classname="Tests.AppTest123">
    <skipped/>
  </testcase> <!-- bigBossVote -->
  <testcase name="bigBossVote" time="0.0" classname="Tests.AppTest123">
    <skipped/>
  </testcase> <!-- bigBossVote -->
  <testcase name="bigBossVote" time="0.0" classname="Tests.AppTest123">
    <skipped/>
  </testcase> <!-- bigBossVote -->
  <testcase name="bigBossVote" time="0.0" classname="Tests.AppTest123">
    <skipped/>
  </testcase> <!-- bigBossVote -->
  <testcase name="bigBossVote" time="0.0" classname="Tests.AppTest123">
    <skipped/>
  </testcase> <!-- bigBossVote -->
  <testcase name="bigBossVote" time="0.0" classname="Tests.AppTest123">
    <skipped/>
  </testcase> <!-- bigBossVote -->
  <testcase name="bigBossVote" time="0.0" classname="Tests.AppTest123">
    <skipped/>
  </testcase> <!-- bigBossVote -->
  <testcase name="bigBossVote" time="0.0" classname="Tests.AppTest123">
    <skipped/>
  </testcase> <!-- bigBossVote -->
  <testcase name="bigBossVote" time="0.0" classname="Tests.AppTest123">
    <skipped/>
  </testcase> <!-- bigBossVote -->
  <testcase name="bigBossVote" time="0.0" classname="Tests.AppTest123">
    <skipped/>
  </testcase> <!-- bigBossVote -->
  <testcase name="bigBossVote" time="0.0" classname="Tests.AppTest123">
    <skipped/>
  </testcase> <!-- bigBossVote -->
  <testcase name="bigBossVote" time="0.0" classname="Tests.AppTest123">
    <skipped/>
  </testcase> <!-- bigBossVote -->
  <testcase name="bigBossVote" time="0.0" classname="Tests.AppTest123">
    <skipped/>
  </testcase> <!-- bigBossVote -->
  <testcase name="bigBossVote" time="0.0" classname="Tests.AppTest123">
    <skipped/>
  </testcase> <!-- bigBossVote -->
  <testcase name="bigBossVote" time="0.0" classname="Tests.AppTest123">
    <skipped/>
  </testcase> <!-- bigBossVote -->
  <testcase name="bigBossVote" time="0.0" classname="Tests.AppTest123">
    <skipped/>
  </testcase> <!-- bigBossVote -->
  <testcase name="bigBossVote" time="0.0" classname="Tests.AppTest123">
    <skipped/>
  </testcase> <!-- bigBossVote -->
  <testcase name="bigBossVote" time="0.0" classname="Tests.AppTest123">
    <skipped/>
  </testcase> <!-- bigBossVote -->
  <testcase name="bigBossVote" time="0.0" classname="Tests.AppTest123">
    <skipped/>
  </testcase> <!-- bigBossVote -->
  <testcase name="bigBossVote" time="0.0" classname="Tests.AppTest123">
    <skipped/>
  </testcase> <!-- bigBossVote -->
  <testcase name="bigBossVote" time="0.0" classname="Tests.AppTest123">
    <skipped/>
  </testcase> <!-- bigBossVote -->
  <testcase name="bigBossVote" time="0.0" classname="Tests.AppTest123">
    <skipped/>
  </testcase> <!-- bigBossVote -->
  <testcase name="bigBossVote" time="0.0" classname="Tests.AppTest123">
    <skipped/>
  </testcase> <!-- bigBossVote -->
  <testcase name="bigBossVote" time="0.0" classname="Tests.AppTest123">
    <skipped/>
  </testcase> <!-- bigBossVote -->
  <testcase name="bigBossVote" time="0.0" classname="Tests.AppTest123">
    <skipped/>
  </testcase> <!-- bigBossVote -->
  <testcase name="bigBossVote" time="0.0" classname="Tests.AppTest123">
    <skipped/>
  </testcase> <!-- bigBossVote -->
  <testcase name="bigBossVote" time="0.0" classname="Tests.AppTest123">
    <skipped/>
  </testcase> <!-- bigBossVote -->
  <testcase name="bigBossVote" time="0.0" classname="Tests.AppTest123">
    <skipped/>
  </testcase> <!-- bigBossVote -->
  <testcase name="bigBossVote" time="0.0" classname="Tests.AppTest123">
    <skipped/>
  </testcase> <!-- bigBossVote -->
  <testcase name="bigBossVote" time="0.0" classname="Tests.AppTest123">
    <skipped/>
  </testcase> <!-- bigBossVote -->
  <testcase name="bigBossVote" time="0.0" classname="Tests.AppTest123">
    <skipped/>
  </testcase> <!-- bigBossVote -->
  <testcase name="bigBossVote" time="0.0" classname="Tests.AppTest123">
    <skipped/>
  </testcase> <!-- bigBossVote -->
  <testcase name="bigBossVote" time="0.0" classname="Tests.AppTest123">
    <skipped/>
  </testcase> <!-- bigBossVote -->
  <testcase name="bigBossVote" time="0.0" classname="Tests.AppTest123">
    <skipped/>
  </testcase> <!-- bigBossVote -->
  <testcase name="bigBossVote" time="0.0" classname="Tests.AppTest123">
    <skipped/>
  </testcase> <!-- bigBossVote -->
  <testcase name="bigBossVote" time="0.0" classname="Tests.AppTest123">
    <skipped/>
  </testcase> <!-- bigBossVote -->
  <testcase name="bigBossVote" time="0.0" classname="Tests.AppTest123">
    <skipped/>
  </testcase> <!-- bigBossVote -->
  <testcase name="bigBossVote" time="0.0" classname="Tests.AppTest123">
    <skipped/>
  </testcase> <!-- bigBossVote -->
  <testcase name="bigBossVote" time="0.0" classname="Tests.AppTest123">
    <skipped/>
  </testcase> <!-- bigBossVote -->
  <testcase name="bigBossVote" time="0.0" classname="Tests.AppTest123">
    <skipped/>
  </testcase> <!-- bigBossVote -->
  <testcase name="bigBossVote" time="0.0" classname="Tests.AppTest123">
    <skipped/>
  </testcase> <!-- bigBossVote -->
  <testcase name="bigBossVote" time="0.0" classname="Tests.AppTest123">
    <skipped/>
  </testcase> <!-- bigBossVote -->
  <testcase name="bigBossVote" time="0.0" classname="Tests.AppTest123">
    <skipped/>
  </testcase> <!-- bigBossVote -->
  <testcase name="bigBossVote" time="0.0" classname="Tests.AppTest123">
    <skipped/>
  </testcase> <!-- bigBossVote -->
  <testcase name="bigBossVote" time="0.0" classname="Tests.AppTest123">
    <skipped/>
  </testcase> <!-- bigBossVote -->
  <testcase name="bigBossVote" time="0.0" classname="Tests.AppTest123">
    <skipped/>
  </testcase> <!-- bigBossVote -->
  <testcase name="bigBossVote" time="0.0" classname="Tests.AppTest123">
    <skipped/>
  </testcase> <!-- bigBossVote -->
  <testcase name="bigBossVote" time="0.0" classname="Tests.AppTest123">
    <skipped/>
  </testcase> <!-- bigBossVote -->
  <testcase name="bigBossVote" time="0.0" classname="Tests.AppTest123">
    <skipped/>
  </testcase> <!-- bigBossVote -->
  <testcase name="bigBossVote" time="0.0" classname="Tests.AppTest123">
    <skipped/>
  </testcase> <!-- bigBossVote -->
  <testcase name="bigBossVote" time="0.0" classname="Tests.AppTest123">
    <skipped/>
  </testcase> <!-- bigBossVote -->
  <testcase name="bigBossVote" time="0.0" classname="Tests.AppTest123">
    <skipped/>
  </testcase> <!-- bigBossVote -->
  <testcase name="bigBossVote" time="0.0" classname="Tests.AppTest123">
    <skipped/>
  </testcase> <!-- bigBossVote -->
  <testcase name="bigBossVote" time="0.0" classname="Tests.AppTest123">
    <skipped/>
  </testcase> <!-- bigBossVote -->
  <testcase name="bigBossVote" time="0.0" classname="Tests.AppTest123">
    <skipped/>
  </testcase> <!-- bigBossVote -->
  <testcase name="bigBossVote" time="0.0" classname="Tests.AppTest123">
    <skipped/>
  </testcase> <!-- bigBossVote -->
  <testcase name="bigBossVote" time="0.0" classname="Tests.AppTest123">
    <skipped/>
  </testcase> <!-- bigBossVote -->
  <testcase name="bigBossVote" time="0.0" classname="Tests.AppTest123">
    <skipped/>
  </testcase> <!-- bigBossVote -->
  <testcase name="bigBossVote" time="0.0" classname="Tests.AppTest123">
    <skipped/>
  </testcase> <!-- bigBossVote -->
  <testcase name="bigBossVote" time="0.0" classname="Tests.AppTest123">
    <skipped/>
  </testcase> <!-- bigBossVote -->
  <testcase name="bigBossVote" time="0.0" classname="Tests.AppTest123">
    <skipped/>
  </testcase> <!-- bigBossVote -->
  <testcase name="bigBossVote" time="0.0" classname="Tests.AppTest123">
    <skipped/>
  </testcase> <!-- bigBossVote -->
  <testcase name="bigBossVote" time="0.0" classname="Tests.AppTest123">
    <skipped/>
  </testcase> <!-- bigBossVote -->
  <testcase name="bigBossVote" time="0.0" classname="Tests.AppTest123">
    <skipped/>
  </testcase> <!-- bigBossVote -->
  <testcase name="bigBossVote" time="0.0" classname="Tests.AppTest123">
    <skipped/>
  </testcase> <!-- bigBossVote -->
  <testcase name="bigBossVote" time="0.0" classname="Tests.AppTest123">
    <skipped/>
  </testcase> <!-- bigBossVote -->
  <testcase name="bigBossVote" time="0.0" classname="Tests.AppTest123">
    <skipped/>
  </testcase> <!-- bigBossVote -->
  <testcase name="bigBossVote" time="0.0" classname="Tests.AppTest123">
    <skipped/>
  </testcase> <!-- bigBossVote -->
  <testcase name="bigBossVote" time="0.0" classname="Tests.AppTest123">
    <skipped/>
  </testcase> <!-- bigBossVote -->
  <testcase name="bigBossVote" time="0.0" classname="Tests.AppTest123">
    <skipped/>
  </testcase> <!-- bigBossVote -->
  <testcase name="bigBossVote" time="0.0" classname="Tests.AppTest123">
    <skipped/>
  </testcase> <!-- bigBossVote -->
  <testcase name="bigBossVote" time="0.0" classname="Tests.AppTest123">
    <skipped/>
  </testcase> <!-- bigBossVote -->
  <testcase name="bigBossVote" time="0.0" classname="Tests.AppTest123">
    <skipped/>
  </testcase> <!-- bigBossVote -->
  <testcase name="bigBossVote" time="0.0" classname="Tests.AppTest123">
    <skipped/>
  </testcase> <!-- bigBossVote -->
  <testcase name="bigBossVote" time="0.0" classname="Tests.AppTest123">
    <skipped/>
  </testcase> <!-- bigBossVote -->
  <testcase name="bigBossVote" time="0.0" classname="Tests.AppTest123">
    <skipped/>
  </testcase> <!-- bigBossVote -->
  <testcase name="bigBossVote" time="0.0" classname="Tests.AppTest123">
    <skipped/>
  </testcase> <!-- bigBossVote -->
  <testcase name="bigBossVote" time="0.0" classname="Tests.AppTest123">
    <skipped/>
  </testcase> <!-- bigBossVote -->
  <testcase name="bigBossVote" time="0.0" classname="Tests.AppTest123">
    <skipped/>
  </testcase> <!-- bigBossVote -->
  <testcase name="bigBossVote" time="0.0" classname="Tests.AppTest123">
    <skipped/>
  </testcase> <!-- bigBossVote -->
  <testcase name="bigBossVote" time="0.0" classname="Tests.AppTest123">
    <skipped/>
  </testcase> <!-- bigBossVote -->
  <testcase name="bigBossVote" time="0.0" classname="Tests.AppTest123">
    <skipped/>
  </testcase> <!-- bigBossVote -->
  <testcase name="bigBossVote" time="0.0" classname="Tests.AppTest123">
    <skipped/>
  </testcase> <!-- bigBossVote -->
  <testcase name="bigBossVote" time="0.0" classname="Tests.AppTest123">
    <skipped/>
  </testcase> <!-- bigBossVote -->
  <testcase name="bigBossVote" time="0.0" classname="Tests.AppTest123">
    <skipped/>
  </testcase> <!-- bigBossVote -->
  <testcase name="bigBossVote" time="0.0" classname="Tests.AppTest123">
    <skipped/>
  </testcase> <!-- bigBossVote -->
  <testcase name="bigBossVote" time="0.0" classname="Tests.AppTest123">
    <skipped/>
  </testcase> <!-- bigBossVote -->
  <testcase name="bigBossVote" time="0.0" classname="Tests.AppTest123">
    <skipped/>
  </testcase> <!-- bigBossVote -->
  <testcase name="bigBossVote" time="0.0" classname="Tests.AppTest123">
    <skipped/>
  </testcase> <!-- bigBossVote -->
  <testcase name="bigBossVote" time="0.0" classname="Tests.AppTest123">
    <skipped/>
  </testcase> <!-- bigBossVote -->
  <testcase name="bigBossVote" time="0.0" classname="Tests.AppTest123">
    <skipped/>
  </testcase> <!-- bigBossVote -->
  <testcase name="bigBossVote" time="0.0" classname="Tests.AppTest123">
    <skipped/>
  </testcase> <!-- bigBossVote -->
  <testcase name="bigBossVote" time="0.0" classname="Tests.AppTest123">
    <skipped/>
  </testcase> <!-- bigBossVote -->
  <testcase name="bigBossVote" time="0.0" classname="Tests.AppTest123">
    <skipped/>
  </testcase> <!-- bigBossVote -->
  <testcase name="bigBossVote" time="0.0" classname="Tests.AppTest123">
    <skipped/>
  </testcase> <!-- bigBossVote -->
  <testcase name="bigBossVote" time="0.0" classname="Tests.AppTest123">
    <skipped/>
  </testcase> <!-- bigBossVote -->
  <testcase name="bigBossVote" time="0.0" classname="Tests.AppTest123">
    <skipped/>
  </testcase> <!-- bigBossVote -->
  <testcase name="bigBossVote" time="0.0" classname="Tests.AppTest123">
    <skipped/>
  </testcase> <!-- bigBossVote -->
  <testcase name="bigBossVote" time="0.0" classname="Tests.AppTest123">
    <skipped/>
  </testcase> <!-- bigBossVote -->
  <testcase name="bigBossVote" time="0.0" classname="Tests.AppTest123">
    <skipped/>
  </testcase> <!-- bigBossVote -->
  <testcase name="bigBossVote" time="0.0" classname="Tests.AppTest123">
    <skipped/>
  </testcase> <!-- bigBossVote -->
  <testcase name="bigBossVote" time="0.0" classname="Tests.AppTest123">
    <skipped/>
  </testcase> <!-- bigBossVote -->
  <testcase name="bigBossVote" time="0.0" classname="Tests.AppTest123">
    <skipped/>
  </testcase> <!-- bigBossVote -->
  <testcase name="bigBossVote" time="0.0" classname="Tests.AppTest123">
    <skipped/>
  </testcase> <!-- bigBossVote -->
  <testcase name="bigBossVote" time="0.0" classname="Tests.AppTest123">
    <skipped/>
  </testcase> <!-- bigBossVote -->
  <testcase name="bigBossVote" time="0.0" classname="Tests.AppTest123">
    <skipped/>
  </testcase> <!-- bigBossVote -->
  <testcase name="bigBossVote" time="0.0" classname="Tests.AppTest123">
    <skipped/>
  </testcase> <!-- bigBossVote -->
  <testcase name="bigBossVote" time="0.0" classname="Tests.AppTest123">
    <skipped/>
  </testcase> <!-- bigBossVote -->
  <testcase name="bigBossVote" time="0.0" classname="Tests.AppTest123">
    <skipped/>
  </testcase> <!-- bigBossVote -->
  <testcase name="bigBossVote" time="0.0" classname="Tests.AppTest123">
    <skipped/>
  </testcase> <!-- bigBossVote -->
  <testcase name="bigBossVote" time="0.0" classname="Tests.AppTest123">
    <skipped/>
  </testcase> <!-- bigBossVote -->
  <testcase name="bigBossVote" time="0.0" classname="Tests.AppTest123">
    <skipped/>
  </testcase> <!-- bigBossVote -->
  <testcase name="bigBossVote" time="0.0" classname="Tests.AppTest123">
    <skipped/>
  </testcase> <!-- bigBossVote -->
  <testcase name="bigBossVote" time="0.0" classname="Tests.AppTest123">
    <skipped/>
  </testcase> <!-- bigBossVote -->
  <testcase name="bigBossVote" time="0.0" classname="Tests.AppTest123">
    <skipped/>
  </testcase> <!-- bigBossVote -->
  <testcase name="bigBossVote" time="0.0" classname="Tests.AppTest123">
    <skipped/>
  </testcase> <!-- bigBossVote -->
  <testcase name="bigBossVote" time="0.0" classname="Tests.AppTest123">
    <skipped/>
  </testcase> <!-- bigBossVote -->
  <testcase name="bigBossVote" time="0.0" classname="Tests.AppTest123">
    <skipped/>
  </testcase> <!-- bigBossVote -->
  <testcase name="bigBossVote" time="0.0" classname="Tests.AppTest123">
    <skipped/>
  </testcase> <!-- bigBossVote -->
  <testcase name="bigBossVote" time="0.0" classname="Tests.AppTest123">
    <skipped/>
  </testcase> <!-- bigBossVote -->
  <testcase name="bigBossVote" time="0.0" classname="Tests.AppTest123">
    <skipped/>
  </testcase> <!-- bigBossVote -->
  <testcase name="bigBossVote" time="0.0" classname="Tests.AppTest123">
    <skipped/>
  </testcase> <!-- bigBossVote -->
  <testcase name="bigBossVote" time="0.0" classname="Tests.AppTest123">
    <skipped/>
  </testcase> <!-- bigBossVote -->
  <testcase name="bigBossVote" time="0.0" classname="Tests.AppTest123">
    <skipped/>
  </testcase> <!-- bigBossVote -->
  <testcase name="bigBossVote" time="0.0" classname="Tests.AppTest123">
    <skipped/>
  </testcase> <!-- bigBossVote -->
  <testcase name="bigBossVote" time="0.0" classname="Tests.AppTest123">
    <skipped/>
  </testcase> <!-- bigBossVote -->
  <testcase name="bigBossVote" time="0.0" classname="Tests.AppTest123">
    <skipped/>
  </testcase> <!-- bigBossVote -->
  <testcase name="bigBossVote" time="0.0" classname="Tests.AppTest123">
    <skipped/>
  </testcase> <!-- bigBossVote -->
  <testcase name="bigBossVote" time="0.0" classname="Tests.AppTest123">
    <skipped/>
  </testcase> <!-- bigBossVote -->
  <testcase name="bigBossVote" time="0.0" classname="Tests.AppTest123">
    <skipped/>
  </testcase> <!-- bigBossVote -->
  <testcase name="bigBossVote" time="0.0" classname="Tests.AppTest123">
    <skipped/>
  </testcase> <!-- bigBossVote -->
  <testcase name="bigBossVote" time="0.0" classname="Tests.AppTest123">
    <skipped/>
  </testcase> <!-- bigBossVote -->
  <testcase name="bigBossVote" time="0.0" classname="Tests.AppTest123">
    <skipped/>
  </testcase> <!-- bigBossVote -->
  <testcase name="bigBossVote" time="0.0" classname="Tests.AppTest123">
    <skipped/>
  </testcase> <!-- bigBossVote -->
  <testcase name="bigBossVote" time="0.0" classname="Tests.AppTest123">
    <skipped/>
  </testcase> <!-- bigBossVote -->
  <testcase name="bigBossVote" time="0.0" classname="Tests.AppTest123">
    <skipped/>
  </testcase> <!-- bigBossVote -->
  <testcase name="bigBossVote" time="0.0" classname="Tests.AppTest123">
    <skipped/>
  </testcase> <!-- bigBossVote -->
  <testcase name="bigBossVote" time="0.0" classname="Tests.AppTest123">
    <skipped/>
  </testcase> <!-- bigBossVote -->
  <testcase name="bigBossVote" time="0.0" classname="Tests.AppTest123">
    <skipped/>
  </testcase> <!-- bigBossVote -->
  <testcase name="bigBossVote" time="0.0" classname="Tests.AppTest123">
    <skipped/>
  </testcase> <!-- bigBossVote -->
  <testcase name="bigBossVote" time="0.0" classname="Tests.AppTest123">
    <skipped/>
  </testcase> <!-- bigBossVote -->
  <testcase name="bigBossVote" time="0.0" classname="Tests.AppTest123">
    <skipped/>
  </testcase> <!-- bigBossVote -->
  <testcase name="bigBossVote" time="0.0" classname="Tests.AppTest123">
    <skipped/>
  </testcase> <!-- bigBossVote -->
  <testcase name="bigBossVote" time="0.0" classname="Tests.AppTest123">
    <skipped/>
  </testcase> <!-- bigBossVote -->
  <testcase name="bigBossVote" time="0.0" classname="Tests.AppTest123">
    <skipped/>
  </testcase> <!-- bigBossVote -->
  <testcase name="bigBossVote" time="0.0" classname="Tests.AppTest123">
    <skipped/>
  </testcase> <!-- bigBossVote -->
  <testcase name="bigBossVote" time="0.0" classname="Tests.AppTest123">
    <skipped/>
  </testcase> <!-- bigBossVote -->
  <testcase name="bigBossVote" time="0.0" classname="Tests.AppTest123">
    <skipped/>
  </testcase> <!-- bigBossVote -->
  <testcase name="bigBossVote" time="0.0" classname="Tests.AppTest123">
    <skipped/>
  </testcase> <!-- bigBossVote -->
  <testcase name="bigBossVote" time="0.0" classname="Tests.AppTest123">
    <skipped/>
  </testcase> <!-- bigBossVote -->
  <testcase name="bigBossVote" time="0.0" classname="Tests.AppTest123">
    <skipped/>
  </testcase> <!-- bigBossVote -->
  <testcase name="bigBossVote" time="0.0" classname="Tests.AppTest123">
    <skipped/>
  </testcase> <!-- bigBossVote -->
  <testcase name="bigBossVote" time="0.0" classname="Tests.AppTest123">
    <skipped/>
  </testcase> <!-- bigBossVote -->
  <testcase name="bigBossVote" time="0.0" classname="Tests.AppTest123">
    <skipped/>
  </testcase> <!-- bigBossVote -->
  <testcase name="bigBossVote" time="0.0" classname="Tests.AppTest123">
    <skipped/>
  </testcase> <!-- bigBossVote -->
  <testcase name="bigBossVote" time="0.0" classname="Tests.AppTest123">
    <skipped/>
  </testcase> <!-- bigBossVote -->
  <testcase name="bigBossVote" time="0.0" classname="Tests.AppTest123">
    <skipped/>
  </testcase> <!-- bigBossVote -->
  <testcase name="bigBossVote" time="0.0" classname="Tests.AppTest123">
    <skipped/>
  </testcase> <!-- bigBossVote -->
  <testcase name="bigBossVote" time="0.0" classname="Tests.AppTest123">
    <skipped/>
  </testcase> <!-- bigBossVote -->
  <testcase name="bigBossVote" time="0.0" classname="Tests.AppTest123">
    <skipped/>
  </testcase> <!-- bigBossVote -->
  <testcase name="bigBossVote" time="0.0" classname="Tests.AppTest123">
    <skipped/>
  </testcase> <!-- bigBossVote -->
  <testcase name="bigBossVote" time="0.0" classname="Tests.AppTest123">
    <skipped/>
  </testcase> <!-- bigBossVote -->
  <testcase name="bigBossVote" time="0.0" classname="Tests.AppTest123">
    <skipped/>
  </testcase> <!-- bigBossVote -->
  <testcase name="bigBossVote" time="0.0" classname="Tests.AppTest123">
    <skipped/>
  </testcase> <!-- bigBossVote -->
  <testcase name="bigBossVote" time="0.0" classname="Tests.AppTest123">
    <skipped/>
  </testcase> <!-- bigBossVote -->
  <testcase name="bigBossVote" time="0.0" classname="Tests.AppTest123">
    <skipped/>
  </testcase> <!-- bigBossVote -->
  <testcase name="bigBossVote" time="0.0" classname="Tests.AppTest123">
    <skipped/>
  </testcase> <!-- bigBossVote -->
  <testcase name="bigBossVote" time="0.0" classname="Tests.AppTest123">
    <skipped/>
  </testcase> <!-- bigBossVote -->
  <testcase name="bigBossVote" time="0.0" classname="Tests.AppTest123">
    <skipped/>
  </testcase> <!-- bigBossVote -->
  <testcase name="bigBossVote" time="0.0" classname="Tests.AppTest123">
    <skipped/>
  </testcase> <!-- bigBossVote -->
  <testcase name="bigBossVote" time="0.0" classname="Tests.AppTest123">
    <skipped/>
  </testcase> <!-- bigBossVote -->
  <testcase name="bigBossVote" time="0.0" classname="Tests.AppTest123">
    <skipped/>
  </testcase> <!-- bigBossVote -->
  <testcase name="bigBossVote" time="0.0" classname="Tests.AppTest123">
    <skipped/>
  </testcase> <!-- bigBossVote -->
  <testcase name="bigBossVote" time="0.0" classname="Tests.AppTest123">
    <skipped/>
  </testcase> <!-- bigBossVote -->
  <testcase name="bigBossVote" time="0.0" classname="Tests.AppTest123">
    <skipped/>
  </testcase> <!-- bigBossVote -->
  <testcase name="bigBossVote" time="0.0" classname="Tests.AppTest123">
    <skipped/>
  </testcase> <!-- bigBossVote -->
  <testcase name="bigBossVote" time="0.0" classname="Tests.AppTest123">
    <skipped/>
  </testcase> <!-- bigBossVote -->
  <testcase name="bigBossVote" time="0.0" classname="Tests.AppTest123">
    <skipped/>
  </testcase> <!-- bigBossVote -->
  <testcase name="bigBossVote" time="0.0" classname="Tests.AppTest123">
    <skipped/>
  </testcase> <!-- bigBossVote -->
  <testcase name="bigBossVote" time="0.0" classname="Tests.AppTest123">
    <skipped/>
  </testcase> <!-- bigBossVote -->
  <testcase name="bigBossVote" time="0.0" classname="Tests.AppTest123">
    <skipped/>
  </testcase> <!-- bigBossVote -->
  <testcase name="bigBossVote" time="0.0" classname="Tests.AppTest123">
    <skipped/>
  </testcase> <!-- bigBossVote -->
  <testcase name="bigBossVote" time="0.0" classname="Tests.AppTest123">
    <skipped/>
  </testcase> <!-- bigBossVote -->
  <testcase name="bigBossVote" time="0.0" classname="Tests.AppTest123">
    <skipped/>
  </testcase> <!-- bigBossVote -->
  <testcase name="bigBossVote" time="0.0" classname="Tests.AppTest123">
    <skipped/>
  </testcase> <!-- bigBossVote -->
  <testcase name="bigBossVote" time="0.0" classname="Tests.AppTest123">
    <skipped/>
  </testcase> <!-- bigBossVote -->
  <testcase name="bigBossVote" time="0.0" classname="Tests.AppTest123">
    <skipped/>
  </testcase> <!-- bigBossVote -->
  <testcase name="bigBossVote" time="0.0" classname="Tests.AppTest123">
    <skipped/>
  </testcase> <!-- bigBossVote -->
  <testcase name="bigBossVote" time="0.0" classname="Tests.AppTest123">
    <skipped/>
  </testcase> <!-- bigBossVote -->
  <testcase name="bigBossVote" time="0.0" classname="Tests.AppTest123">
    <skipped/>
  </testcase> <!-- bigBossVote -->
  <testcase name="bigBossVote" time="0.0" classname="Tests.AppTest123">
    <skipped/>
  </testcase> <!-- bigBossVote -->
  <testcase name="bigBossVote" time="0.0" classname="Tests.AppTest123">
    <skipped/>
  </testcase> <!-- bigBossVote -->
  <testcase name="bigBossVote" time="0.0" classname="Tests.AppTest123">
    <skipped/>
  </testcase> <!-- bigBossVote -->
  <testcase name="bigBossVote" time="0.0" classname="Tests.AppTest123">
    <skipped/>
  </testcase> <!-- bigBossVote -->
  <testcase name="bigBossVote" time="0.0" classname="Tests.AppTest123">
    <skipped/>
  </testcase> <!-- bigBossVote -->
  <testcase name="bigBossVote" time="0.0" classname="Tests.AppTest123">
    <skipped/>
  </testcase> <!-- bigBossVote -->
  <testcase name="bigBossVote" time="0.0" classname="Tests.AppTest123">
    <skipped/>
  </testcase> <!-- bigBossVote -->
  <testcase name="bigBossVote" time="0.0" classname="Tests.AppTest123">
    <skipped/>
  </testcase> <!-- bigBossVote -->
  <testcase name="bigBossVote" time="0.0" classname="Tests.AppTest123">
    <skipped/>
  </testcase> <!-- bigBossVote -->
  <testcase name="bigBossVote" time="0.0" classname="Tests.AppTest123">
    <skipped/>
  </testcase> <!-- bigBossVote -->
  <testcase name="bigBossVote" time="0.0" classname="Tests.AppTest123">
    <skipped/>
  </testcase> <!-- bigBossVote -->
  <testcase name="bigBossVote" time="0.0" classname="Tests.AppTest123">
    <skipped/>
  </testcase> <!-- bigBossVote -->
  <testcase name="bigBossVote" time="0.0" classname="Tests.AppTest123">
    <skipped/>
  </testcase> <!-- bigBossVote -->
  <testcase name="bigBossVote" time="0.0" classname="Tests.AppTest123">
    <skipped/>
  </testcase> <!-- bigBossVote -->
  <testcase name="bigBossVote" time="0.0" classname="Tests.AppTest123">
    <skipped/>
  </testcase> <!-- bigBossVote -->
  <testcase name="bigBossVote" time="0.0" classname="Tests.AppTest123">
    <skipped/>
  </testcase> <!-- bigBossVote -->
  <testcase name="bigBossVote" time="0.0" classname="Tests.AppTest123">
    <skipped/>
  </testcase> <!-- bigBossVote -->
  <testcase name="bigBossVote" time="0.0" classname="Tests.AppTest123">
    <skipped/>
  </testcase> <!-- bigBossVote -->
  <testcase name="bigBossVote" time="0.0" classname="Tests.AppTest123">
    <skipped/>
  </testcase> <!-- bigBossVote -->
  <testcase name="bigBossVote" time="0.0" classname="Tests.AppTest123">
    <skipped/>
  </testcase> <!-- bigBossVote -->
  <testcase name="bigBossVote" time="0.0" classname="Tests.AppTest123">
    <skipped/>
  </testcase> <!-- bigBossVote -->
  <testcase name="bigBossVote" time="0.0" classname="Tests.AppTest123">
    <skipped/>
  </testcase> <!-- bigBossVote -->
  <testcase name="bigBossVote" time="0.0" classname="Tests.AppTest123">
    <skipped/>
  </testcase> <!-- bigBossVote -->
  <testcase name="bigBossVote" time="0.0" classname="Tests.AppTest123">
    <skipped/>
  </testcase> <!-- bigBossVote -->
  <testcase name="bigBossVote" time="0.0" classname="Tests.AppTest123">
    <skipped/>
  </testcase> <!-- bigBossVote -->
  <testcase name="bigBossVote" time="0.0" classname="Tests.AppTest123">
    <skipped/>
  </testcase> <!-- bigBossVote -->
  <testcase name="bigBossVote" time="0.0" classname="Tests.AppTest123">
    <skipped/>
  </testcase> <!-- bigBossVote -->
  <testcase name="bigBossVote" time="0.0" classname="Tests.AppTest123">
    <skipped/>
  </testcase> <!-- bigBossVote -->
  <testcase name="bigBossVote" time="0.0" classname="Tests.AppTest123">
    <skipped/>
  </testcase> <!-- bigBossVote -->
  <testcase name="bigBossVote" time="0.0" classname="Tests.AppTest123">
    <skipped/>
  </testcase> <!-- bigBossVote -->
  <testcase name="bigBossVote" time="0.0" classname="Tests.AppTest123">
    <skipped/>
  </testcase> <!-- bigBossVote -->
  <testcase name="bigBossVote" time="0.0" classname="Tests.AppTest123">
    <skipped/>
  </testcase> <!-- bigBossVote -->
  <testcase name="bigBossVote" time="0.0" classname="Tests.AppTest123">
    <skipped/>
  </testcase> <!-- bigBossVote -->
  <testcase name="bigBossVote" time="0.0" classname="Tests.AppTest123">
    <skipped/>
  </testcase> <!-- bigBossVote -->
  <testcase name="bigBossVote" time="0.0" classname="Tests.AppTest123">
    <skipped/>
  </testcase> <!-- bigBossVote -->
  <testcase name="bigBossVote" time="0.001" classname="Tests.AppTest123">
    <skipped/>
  </testcase> <!-- bigBossVote -->
  <testcase name="bigBossVote" time="0.0" classname="Tests.AppTest123">
    <skipped/>
  </testcase> <!-- bigBossVote -->
  <testcase name="bigBossVote" time="0.0" classname="Tests.AppTest123">
    <skipped/>
  </testcase> <!-- bigBossVote -->
  <testcase name="bigBossVote" time="0.0" classname="Tests.AppTest123">
    <skipped/>
  </testcase> <!-- bigBossVote -->
  <testcase name="bigBossVote" time="0.0" classname="Tests.AppTest123">
    <skipped/>
  </testcase> <!-- bigBossVote -->
  <testcase name="bigBossVote" time="0.0" classname="Tests.AppTest123">
    <skipped/>
  </testcase> <!-- bigBossVote -->
  <testcase name="bigBossVote" time="0.0" classname="Tests.AppTest123">
    <skipped/>
  </testcase> <!-- bigBossVote -->
  <testcase name="bigBossVote" time="0.0" classname="Tests.AppTest123">
    <skipped/>
  </testcase> <!-- bigBossVote -->
  <testcase name="bigBossVote" time="0.0" classname="Tests.AppTest123">
    <skipped/>
  </testcase> <!-- bigBossVote -->
  <testcase name="bigBossVote" time="0.0" classname="Tests.AppTest123">
    <skipped/>
  </testcase> <!-- bigBossVote -->
  <testcase name="bigBossVote" time="0.0" classname="Tests.AppTest123">
    <skipped/>
  </testcase> <!-- bigBossVote -->
  <testcase name="bigBossVote" time="0.0" classname="Tests.AppTest123">
    <skipped/>
  </testcase> <!-- bigBossVote -->
  <testcase name="bigBossVote" time="0.0" classname="Tests.AppTest123">
    <skipped/>
  </testcase> <!-- bigBossVote -->
  <testcase name="bigBossVote" time="0.0" classname="Tests.AppTest123">
    <skipped/>
  </testcase> <!-- bigBossVote -->
  <testcase name="bigBossVote" time="0.0" classname="Tests.AppTest123">
    <skipped/>
  </testcase> <!-- bigBossVote -->
  <testcase name="bigBossVote" time="0.0" classname="Tests.AppTest123">
    <skipped/>
  </testcase> <!-- bigBossVote -->
  <testcase name="bigBossVote" time="0.0" classname="Tests.AppTest123">
    <skipped/>
  </testcase> <!-- bigBossVote -->
  <testcase name="bigBossVote" time="0.0" classname="Tests.AppTest123">
    <skipped/>
  </testcase> <!-- bigBossVote -->
  <testcase name="bigBossVote" time="0.0" classname="Tests.AppTest123">
    <skipped/>
  </testcase> <!-- bigBossVote -->
  <testcase name="bigBossVote" time="0.0" classname="Tests.AppTest123">
    <skipped/>
  </testcase> <!-- bigBossVote -->
  <testcase name="bigBossVote" time="0.0" classname="Tests.AppTest123">
    <skipped/>
  </testcase> <!-- bigBossVote -->
  <testcase name="bigBossVote" time="0.0" classname="Tests.AppTest123">
    <skipped/>
  </testcase> <!-- bigBossVote -->
  <testcase name="bigBossVote" time="0.0" classname="Tests.AppTest123">
    <skipped/>
  </testcase> <!-- bigBossVote -->
  <testcase name="bigBossVote" time="0.0" classname="Tests.AppTest123">
    <skipped/>
  </testcase> <!-- bigBossVote -->
  <testcase name="bigBossVote" time="0.0" classname="Tests.AppTest123">
    <skipped/>
  </testcase> <!-- bigBossVote -->
  <testcase name="bigBossVote" time="0.0" classname="Tests.AppTest123">
    <skipped/>
  </testcase> <!-- bigBossVote -->
  <testcase name="bigBossVote" time="0.0" classname="Tests.AppTest123">
    <skipped/>
  </testcase> <!-- bigBossVote -->
  <testcase name="bigBossVote" time="0.0" classname="Tests.AppTest123">
    <skipped/>
  </testcase> <!-- bigBossVote -->
  <testcase name="bigBossVote" time="0.0" classname="Tests.AppTest123">
    <skipped/>
  </testcase> <!-- bigBossVote -->
  <testcase name="bigBossVote" time="0.0" classname="Tests.AppTest123">
    <skipped/>
  </testcase> <!-- bigBossVote -->
  <testcase name="bigBossVote" time="0.0" classname="Tests.AppTest123">
    <skipped/>
  </testcase> <!-- bigBossVote -->
  <testcase name="bigBossVote" time="0.0" classname="Tests.AppTest123">
    <skipped/>
  </testcase> <!-- bigBossVote -->
  <testcase name="bigBossVote" time="0.0" classname="Tests.AppTest123">
    <skipped/>
  </testcase> <!-- bigBossVote -->
  <testcase name="bigBossVote" time="0.0" classname="Tests.AppTest123">
    <skipped/>
  </testcase> <!-- bigBossVote -->
  <testcase name="bigBossVote" time="0.0" classname="Tests.AppTest123">
    <skipped/>
  </testcase> <!-- bigBossVote -->
  <testcase name="bigBossVote" time="0.0" classname="Tests.AppTest123">
    <skipped/>
  </testcase> <!-- bigBossVote -->
  <testcase name="bigBossVote" time="0.0" classname="Tests.AppTest123">
    <skipped/>
  </testcase> <!-- bigBossVote -->
  <testcase name="bigBossVote" time="0.0" classname="Tests.AppTest123">
    <skipped/>
  </testcase> <!-- bigBossVote -->
  <testcase name="bigBossVote" time="0.0" classname="Tests.AppTest123">
    <skipped/>
  </testcase> <!-- bigBossVote -->
  <testcase name="bigBossVote" time="0.0" classname="Tests.AppTest123">
    <skipped/>
  </testcase> <!-- bigBossVote -->
  <testcase name="bigBossVote" time="0.0" classname="Tests.AppTest123">
    <skipped/>
  </testcase> <!-- bigBossVote -->
  <testcase name="bigBossVote" time="0.0" classname="Tests.AppTest123">
    <skipped/>
  </testcase> <!-- bigBossVote -->
  <testcase name="bigBossVote" time="0.0" classname="Tests.AppTest123">
    <skipped/>
  </testcase> <!-- bigBossVote -->
  <testcase name="bigBossVote" time="0.0" classname="Tests.AppTest123">
    <skipped/>
  </testcase> <!-- bigBossVote -->
  <testcase name="bigBossVote" time="0.0" classname="Tests.AppTest123">
    <skipped/>
  </testcase> <!-- bigBossVote -->
  <testcase name="bigBossVote" time="0.0" classname="Tests.AppTest123">
    <skipped/>
  </testcase> <!-- bigBossVote -->
  <testcase name="bigBossVote" time="0.0" classname="Tests.AppTest123">
    <skipped/>
  </testcase> <!-- bigBossVote -->
  <testcase name="bigBossVote" time="0.0" classname="Tests.AppTest123">
    <skipped/>
  </testcase> <!-- bigBossVote -->
  <testcase name="bigBossVote" time="0.0" classname="Tests.AppTest123">
    <skipped/>
  </testcase> <!-- bigBossVote -->
  <testcase name="bigBossVote" time="0.0" classname="Tests.AppTest123">
    <skipped/>
  </testcase> <!-- bigBossVote -->
  <testcase name="bigBossVote" time="0.0" classname="Tests.AppTest123">
    <skipped/>
  </testcase> <!-- bigBossVote -->
  <testcase name="bigBossVote" time="0.0" classname="Tests.AppTest123">
    <skipped/>
  </testcase> <!-- bigBossVote -->
  <testcase name="bigBossVote" time="0.0" classname="Tests.AppTest123">
    <skipped/>
  </testcase> <!-- bigBossVote -->
  <testcase name="bigBossVote" time="0.0" classname="Tests.AppTest123">
    <skipped/>
  </testcase> <!-- bigBossVote -->
  <testcase name="bigBossVote" time="0.0" classname="Tests.AppTest123">
    <skipped/>
  </testcase> <!-- bigBossVote -->
  <testcase name="bigBossVote" time="0.0" classname="Tests.AppTest123">
    <skipped/>
  </testcase> <!-- bigBossVote -->
  <testcase name="bigBossVote" time="0.0" classname="Tests.AppTest123">
    <skipped/>
  </testcase> <!-- bigBossVote -->
  <testcase name="bigBossVote" time="0.0" classname="Tests.AppTest123">
    <skipped/>
  </testcase> <!-- bigBossVote -->
  <testcase name="bigBossVote" time="0.0" classname="Tests.AppTest123">
    <skipped/>
  </testcase> <!-- bigBossVote -->
  <testcase name="bigBossVote" time="0.0" classname="Tests.AppTest123">
    <skipped/>
  </testcase> <!-- bigBossVote -->
  <testcase name="bigBossVote" time="0.0" classname="Tests.AppTest123">
    <skipped/>
  </testcase> <!-- bigBossVote -->
  <testcase name="bigBossVote" time="0.0" classname="Tests.AppTest123">
    <skipped/>
  </testcase> <!-- bigBossVote -->
  <testcase name="bigBossVote" time="0.0" classname="Tests.AppTest123">
    <skipped/>
  </testcase> <!-- bigBossVote -->
  <testcase name="bigBossVote" time="0.0" classname="Tests.AppTest123">
    <skipped/>
  </testcase> <!-- bigBossVote -->
  <testcase name="bigBossVote" time="0.0" classname="Tests.AppTest123">
    <skipped/>
  </testcase> <!-- bigBossVote -->
  <testcase name="bigBossVote" time="0.0" classname="Tests.AppTest123">
    <skipped/>
  </testcase> <!-- bigBossVote -->
  <testcase name="bigBossVote" time="0.0" classname="Tests.AppTest123">
    <skipped/>
  </testcase> <!-- bigBossVote -->
  <testcase name="bigBossVote" time="0.0" classname="Tests.AppTest123">
    <skipped/>
  </testcase> <!-- bigBossVote -->
  <testcase name="bigBossVote" time="0.0" classname="Tests.AppTest123">
    <skipped/>
  </testcase> <!-- bigBossVote -->
  <testcase name="bigBossVote" time="0.0" classname="Tests.AppTest123">
    <skipped/>
  </testcase> <!-- bigBossVote -->
  <testcase name="bigBossVote" time="0.0" classname="Tests.AppTest123">
    <skipped/>
  </testcase> <!-- bigBossVote -->
  <testcase name="bigBossVote" time="0.0" classname="Tests.AppTest123">
    <skipped/>
  </testcase> <!-- bigBossVote -->
  <testcase name="bigBossVote" time="0.0" classname="Tests.AppTest123">
    <skipped/>
  </testcase> <!-- bigBossVote -->
  <testcase name="bigBossVote" time="0.0" classname="Tests.AppTest123">
    <skipped/>
  </testcase> <!-- bigBossVote -->
  <testcase name="bigBossVote" time="0.0" classname="Tests.AppTest123">
    <skipped/>
  </testcase> <!-- bigBossVote -->
  <testcase name="bigBossVote" time="0.0" classname="Tests.AppTest123">
    <skipped/>
  </testcase> <!-- bigBossVote -->
  <testcase name="bigBossVote" time="0.0" classname="Tests.AppTest123">
    <skipped/>
  </testcase> <!-- bigBossVote -->
  <testcase name="bigBossVote" time="0.0" classname="Tests.AppTest123">
    <skipped/>
  </testcase> <!-- bigBossVote -->
  <testcase name="bigBossVote" time="0.0" classname="Tests.AppTest123">
    <skipped/>
  </testcase> <!-- bigBossVote -->
  <testcase name="bigBossVote" time="0.0" classname="Tests.AppTest123">
    <skipped/>
  </testcase> <!-- bigBossVote -->
  <testcase name="bigBossVote" time="0.0" classname="Tests.AppTest123">
    <skipped/>
  </testcase> <!-- bigBossVote -->
  <testcase name="bigBossVote" time="0.0" classname="Tests.AppTest123">
    <skipped/>
  </testcase> <!-- bigBossVote -->
  <testcase name="bigBossVote" time="0.0" classname="Tests.AppTest123">
    <skipped/>
  </testcase> <!-- bigBossVote -->
  <testcase name="bigBossVote" time="0.0" classname="Tests.AppTest123">
    <skipped/>
  </testcase> <!-- bigBossVote -->
  <testcase name="bigBossVote" time="0.0" classname="Tests.AppTest123">
    <skipped/>
  </testcase> <!-- bigBossVote -->
  <testcase name="bigBossVote" time="0.0" classname="Tests.AppTest123">
    <skipped/>
  </testcase> <!-- bigBossVote -->
  <testcase name="bigBossVote" time="0.0" classname="Tests.AppTest123">
    <skipped/>
  </testcase> <!-- bigBossVote -->
  <testcase name="bigBossVote" time="0.0" classname="Tests.AppTest123">
    <skipped/>
  </testcase> <!-- bigBossVote -->
  <testcase name="bigBossVote" time="0.0" classname="Tests.AppTest123">
    <skipped/>
  </testcase> <!-- bigBossVote -->
  <testcase name="bigBossVote" time="0.0" classname="Tests.AppTest123">
    <skipped/>
  </testcase> <!-- bigBossVote -->
  <testcase name="bigBossVote" time="0.0" classname="Tests.AppTest123">
    <skipped/>
  </testcase> <!-- bigBossVote -->
  <testcase name="bigBossVote" time="0.0" classname="Tests.AppTest123">
    <skipped/>
  </testcase> <!-- bigBossVote -->
  <testcase name="bigBossVote" time="0.0" classname="Tests.AppTest123">
    <skipped/>
  </testcase> <!-- bigBossVote -->
  <testcase name="bigBossVote" time="0.0" classname="Tests.AppTest123">
    <skipped/>
  </testcase> <!-- bigBossVote -->
  <testcase name="bigBossVote" time="0.0" classname="Tests.AppTest123">
    <skipped/>
  </testcase> <!-- bigBossVote -->
  <testcase name="bigBossVote" time="0.0" classname="Tests.AppTest123">
    <skipped/>
  </testcase> <!-- bigBossVote -->
  <testcase name="bigBossVote" time="0.0" classname="Tests.AppTest123">
    <skipped/>
  </testcase> <!-- bigBossVote -->
  <testcase name="bigBossVote" time="0.0" classname="Tests.AppTest123">
    <skipped/>
  </testcase> <!-- bigBossVote -->
  <testcase name="bigBossVote" time="0.0" classname="Tests.AppTest123">
    <skipped/>
  </testcase> <!-- bigBossVote -->
  <testcase name="bigBossVote" time="0.0" classname="Tests.AppTest123">
    <skipped/>
  </testcase> <!-- bigBossVote -->
  <testcase name="bigBossVote" time="0.0" classname="Tests.AppTest123">
    <skipped/>
  </testcase> <!-- bigBossVote -->
  <testcase name="bigBossVote" time="0.0" classname="Tests.AppTest123">
    <skipped/>
  </testcase> <!-- bigBossVote -->
  <testcase name="bigBossVote" time="0.0" classname="Tests.AppTest123">
    <skipped/>
  </testcase> <!-- bigBossVote -->
  <testcase name="bigBossVote" time="0.0" classname="Tests.AppTest123">
    <skipped/>
  </testcase> <!-- bigBossVote -->
  <testcase name="bigBossVote" time="0.0" classname="Tests.AppTest123">
    <skipped/>
  </testcase> <!-- bigBossVote -->
  <testcase name="bigBossVote" time="0.0" classname="Tests.AppTest123">
    <skipped/>
  </testcase> <!-- bigBossVote -->
  <testcase name="noukriTest" time="0.0" classname="Tests.AppTest123">
    <ignored/>
  </testcase> <!-- noukriTest -->
  <testcase name="gmailTest" time="0.0" classname="Tests.AppTest123">
    <ignored/>
  </testcase> <!-- gmailTest -->
</testsuite> <!-- ChromeBrowser -->
